2026-03-26 11:04:39,879 - INFO - ADD: 2.0 + 4.0 = 6.0
2026-03-26 11:04:49,234 - INFO - MULTIPLY: 2.0 * 4.0 = 8.0
2026-03-26 11:04:51,982 - INFO - DIVIDE: 2.0 / 4.0 = 0.5
2026-03-26 11:39:16,505 - INFO - DIVIDE: 4.0 / 5.0 = 0.8
2026-03-26 12:03:12,387 - INFO - ADD: 45.0 + 2.0 = 47.0
2026-03-26 12:03:13,806 - INFO - SUBTRACT: 45.0 - 2.0 = 43.0
2026-03-26 12:03:15,619 - INFO - MULTIPLY: 45.0 * 2.0 = 90.0
2026-03-26 12:03:17,805 - INFO - SUBTRACT: 45.0 - 2.0 = 43.0
2026-03-26 12:03:19,963 - INFO - DIVIDE: 45.0 / 2.0 = 22.5
2026-03-26 12:08:59,147 - INFO - ADD: 5.0 + 3.0 = 8.0
2026-03-26 12:17:24,492 - INFO - ADD: 5.0 + 3.0 = 8.0
2026-03-26 12:23:18,109 - INFO - ADD: -3.0 + -4.0 = -7.0
2026-03-26 12:23:23,202 - INFO - SUBTRACT: -3.0 - -4.0 = 1.0
2026-03-26 12:23:24,443 - INFO - SUBTRACT: -3.0 - -4.0 = 1.0
2026-03-26 12:23:24,656 - INFO - SUBTRACT: -3.0 - -4.0 = 1.0
2026-03-26 12:23:27,586 - INFO - MULTIPLY: -3.0 * -4.0 = 12.0
2026-03-26 12:23:29,793 - INFO - SUBTRACT: -3.0 - -4.0 = 1.0
2026-03-26 12:23:41,774 - INFO - DIVIDE: -3.0 / -4.0 = 0.75
2026-03-26 12:23:43,616 - INFO - DIVIDE: -3.0 / -4.0 = 0.75
2026-03-26 12:23:46,929 - INFO - SUBTRACT: -3.0 - -4.0 = 1.0
2026-03-26 12:23:49,197 - INFO - ADD: -3.0 + -4.0 = -7.0
2026-03-26 12:24:03,975 - INFO - ADD: -3.0 + -4.0 = -7.0
2026-03-26 12:24:43,406 - INFO - SUBTRACT: -3.0 - -4.0 = 1.0
2026-03-26 12:25:01,461 - INFO - SUBTRACT: -4.0 - -4.0 = 0.0
2026-03-26 12:25:04,059 - INFO - DIVIDE: -4.0 / -4.0 = 1.0
2026-03-26 12:25:05,739 - INFO - MULTIPLY: -4.0 * -4.0 = 16.0
2026-03-26 12:37:36,092 - INFO - ADD: 2.0 + 8.0 = 10.0
2026-03-26 12:37:41,769 - INFO - SUBTRACT: 2.0 - 8.0 = -6.0
2026-03-26 12:37:46,626 - INFO - DIVIDE: 2.0 / 8.0 = 0.25
2026-03-26 12:37:48,863 - INFO - MULTIPLY: 2.0 * 8.0 = 16.0
2026-03-26 12:37:52,955 - INFO - ADD: 2.0 + 8.0 = 10.0
2026-03-26 12:38:02,023 - INFO - SUBTRACT: 2.0 - 8.0 = -6.0
2026-03-26 12:38:07,770 - INFO - MULTIPLY: 2.0 * 8.0 = 16.0
2026-03-26 12:38:09,070 - INFO - DIVIDE: 2.0 / 8.0 = 0.25
2026-03-26 12:38:43,799 - INFO - SUBTRACT: 2.0 - 8.0 = -6.0
2026-03-26 12:40:30,223 - INFO - ADD: 5.0 + 3.0 = 8.0
2026-03-26 15:03:28,439 - INFO - ADD: 5.0 + 3.0 = 8.0
2026-03-26 15:41:33,051 - INFO - ADD: 5.0 + 3.0 = 8.0
2026-03-26 16:13:49,232 - INFO - ADD: 9.0 + 4.0 = 13.0
2026-03-26 16:13:50,712 - INFO - SUBTRACT: 9.0 - 4.0 = 5.0
2026-03-26 16:13:53,304 - INFO - DIVIDE: 9.0 / 4.0 = 2.25
2026-03-26 16:13:55,345 - INFO - MULTIPLY: 9.0 * 4.0 = 36.0
2026-03-26 16:14:20,875 - INFO - ADD: 5.0 + 3.0 = 8.0
